Installing requirements...
Defaulting to user installation because normal site-packages is not writeable
Requirement already satisfied: torch>=2.2.0 in /zhome/e8/8/203216/.local/lib/python3.9/site-packages (from -r requirements.txt (line 14)) (2.2.0+cu118)
Requirement already satisfied: numpy>=1.24.0 in /zhome/e8/8/203216/.local/lib/python3.9/site-packages (from -r requirements.txt (line 15)) (1.25.1)
Requirement already satisfied: pandas>=2.0.0 in /zhome/e8/8/203216/.local/lib/python3.9/site-packages (from -r requirements.txt (line 16)) (2.2.3)
Requirement already satisfied: scikit-learn>=1.3.0 in /zhome/e8/8/203216/.local/lib/python3.9/site-packages (from -r requirements.txt (line 17)) (1.5.2)
Requirement already satisfied: tqdm>=4.65.0 in /zhome/e8/8/203216/.local/lib/python3.9/site-packages (from -r requirements.txt (line 18)) (4.66.2)
Requirement already satisfied: matplotlib>=3.7.0 in /zhome/e8/8/203216/.local/lib/python3.9/site-packages (from -r requirements.txt (line 19)) (3.8.2)
Requirement already satisfied: filelock in /appl9/python/3.9.19/lib/python3.9/site-packages (from torch>=2.2.0->-r requirements.txt (line 14)) (3.15.4)
Requirement already satisfied: typing-extensions>=4.8.0 in /zhome/e8/8/203216/.local/lib/python3.9/site-packages (from torch>=2.2.0->-r requirements.txt (line 14)) (4.12.2)
Requirement already satisfied: sympy in /zhome/e8/8/203216/.local/lib/python3.9/site-packages (from torch>=2.2.0->-r requirements.txt (line 14)) (1.13.3)
Requirement already satisfied: networkx in /zhome/e8/8/203216/.local/lib/python3.9/site-packages (from torch>=2.2.0->-r requirements.txt (line 14)) (3.2.1)
Requirement already satisfied: jinja2 in /zhome/e8/8/203216/.local/lib/python3.9/site-packages (from torch>=2.2.0->-r requirements.txt (line 14)) (3.1.4)
Requirement already satisfied: fsspec in /zhome/e8/8/203216/.local/lib/python3.9/site-packages (from torch>=2.2.0->-r requirements.txt (line 14)) (2024.10.0)
Requirement already satisfied: nvidia-cuda-nvrtc-cu11==11.8.89 in /zhome/e8/8/203216/.local/lib/python3.9/site-packages (from torch>=2.2.0->-r requirements.txt (line 14)) (11.8.89)
Requirement already satisfied: nvidia-cuda-runtime-cu11==11.8.89 in /zhome/e8/8/203216/.local/lib/python3.9/site-packages (from torch>=2.2.0->-r requirements.txt (line 14)) (11.8.89)
Requirement already satisfied: nvidia-cuda-cupti-cu11==11.8.87 in /zhome/e8/8/203216/.local/lib/python3.9/site-packages (from torch>=2.2.0->-r requirements.txt (line 14)) (11.8.87)
Requirement already satisfied: nvidia-cudnn-cu11==8.7.0.84 in /zhome/e8/8/203216/.local/lib/python3.9/site-packages (from torch>=2.2.0->-r requirements.txt (line 14)) (8.7.0.84)
Requirement already satisfied: nvidia-cublas-cu11==11.11.3.6 in /zhome/e8/8/203216/.local/lib/python3.9/site-packages (from torch>=2.2.0->-r requirements.txt (line 14)) (11.11.3.6)
Requirement already satisfied: nvidia-cufft-cu11==10.9.0.58 in /zhome/e8/8/203216/.local/lib/python3.9/site-packages (from torch>=2.2.0->-r requirements.txt (line 14)) (10.9.0.58)
Requirement already satisfied: nvidia-curand-cu11==10.3.0.86 in /zhome/e8/8/203216/.local/lib/python3.9/site-packages (from torch>=2.2.0->-r requirements.txt (line 14)) (10.3.0.86)
Requirement already satisfied: nvidia-cusolver-cu11==11.4.1.48 in /zhome/e8/8/203216/.local/lib/python3.9/site-packages (from torch>=2.2.0->-r requirements.txt (line 14)) (11.4.1.48)
Requirement already satisfied: nvidia-cusparse-cu11==11.7.5.86 in /zhome/e8/8/203216/.local/lib/python3.9/site-packages (from torch>=2.2.0->-r requirements.txt (line 14)) (11.7.5.86)
Requirement already satisfied: nvidia-nccl-cu11==2.19.3 in /zhome/e8/8/203216/.local/lib/python3.9/site-packages (from torch>=2.2.0->-r requirements.txt (line 14)) (2.19.3)
Requirement already satisfied: nvidia-nvtx-cu11==11.8.86 in /zhome/e8/8/203216/.local/lib/python3.9/site-packages (from torch>=2.2.0->-r requirements.txt (line 14)) (11.8.86)
Requirement already satisfied: triton==2.2.0 in /zhome/e8/8/203216/.local/lib/python3.9/site-packages (from torch>=2.2.0->-r requirements.txt (line 14)) (2.2.0)
Requirement already satisfied: python-dateutil>=2.8.2 in /zhome/e8/8/203216/.local/lib/python3.9/site-packages (from pandas>=2.0.0->-r requirements.txt (line 16)) (2.9.0.post0)
Requirement already satisfied: pytz>=2020.1 in /zhome/e8/8/203216/.local/lib/python3.9/site-packages (from pandas>=2.0.0->-r requirements.txt (line 16)) (2024.2)
Requirement already satisfied: tzdata>=2022.7 in /zhome/e8/8/203216/.local/lib/python3.9/site-packages (from pandas>=2.0.0->-r requirements.txt (line 16)) (2024.2)
Requirement already satisfied: scipy>=1.6.0 in /zhome/e8/8/203216/.local/lib/python3.9/site-packages (from scikit-learn>=1.3.0->-r requirements.txt (line 17)) (1.13.1)
Requirement already satisfied: joblib>=1.2.0 in /zhome/e8/8/203216/.local/lib/python3.9/site-packages (from scikit-learn>=1.3.0->-r requirements.txt (line 17)) (1.4.2)
Requirement already satisfied: threadpoolctl>=3.1.0 in /zhome/e8/8/203216/.local/lib/python3.9/site-packages (from scikit-learn>=1.3.0->-r requirements.txt (line 17)) (3.5.0)
Requirement already satisfied: contourpy>=1.0.1 in /zhome/e8/8/203216/.local/lib/python3.9/site-packages (from matplotlib>=3.7.0->-r requirements.txt (line 19)) (1.3.0)
Requirement already satisfied: cycler>=0.10 in /zhome/e8/8/203216/.local/lib/python3.9/site-packages (from matplotlib>=3.7.0->-r requirements.txt (line 19)) (0.12.1)
Requirement already satisfied: fonttools>=4.22.0 in /zhome/e8/8/203216/.local/lib/python3.9/site-packages (from matplotlib>=3.7.0->-r requirements.txt (line 19)) (4.55.0)
Requirement already satisfied: kiwisolver>=1.3.1 in /zhome/e8/8/203216/.local/lib/python3.9/site-packages (from matplotlib>=3.7.0->-r requirements.txt (line 19)) (1.4.7)
Requirement already satisfied: packaging>=20.0 in /zhome/e8/8/203216/.local/lib/python3.9/site-packages (from matplotlib>=3.7.0->-r requirements.txt (line 19)) (24.2)
Requirement already satisfied: pillow>=8 in /zhome/e8/8/203216/.local/lib/python3.9/site-packages (from matplotlib>=3.7.0->-r requirements.txt (line 19)) (11.0.0)
Requirement already satisfied: pyparsing>=2.3.1 in /zhome/e8/8/203216/.local/lib/python3.9/site-packages (from matplotlib>=3.7.0->-r requirements.txt (line 19)) (3.2.0)
Requirement already satisfied: importlib-resources>=3.2.0 in /zhome/e8/8/203216/.local/lib/python3.9/site-packages (from matplotlib>=3.7.0->-r requirements.txt (line 19)) (6.4.5)
Requirement already satisfied: zipp>=3.1.0 in /zhome/e8/8/203216/.local/lib/python3.9/site-packages (from importlib-resources>=3.2.0->matplotlib>=3.7.0->-r requirements.txt (line 19)) (3.21.0)
Requirement already satisfied: six>=1.5 in /zhome/e8/8/203216/.local/lib/python3.9/site-packages (from python-dateutil>=2.8.2->pandas>=2.0.0->-r requirements.txt (line 16)) (1.16.0)
Requirement already satisfied: MarkupSafe>=2.0 in /zhome/e8/8/203216/.local/lib/python3.9/site-packages (from jinja2->torch>=2.2.0->-r requirements.txt (line 14)) (3.0.2)
Requirement already satisfied: mpmath<1.4,>=1.1.0 in /zhome/e8/8/203216/.local/lib/python3.9/site-packages (from sympy->torch>=2.2.0->-r requirements.txt (line 14)) (1.3.0)
Python 3.9.19
Package                  Version
------------------------ -----------
click                    8.1.7
contourpy                1.3.0
cycler                   0.12.1
distlib                  0.3.8
einops                   0.8.0
filelock                 3.15.4
fonttools                4.55.0
fsspec                   2024.10.0
h5py                     3.12.1
importlib_resources      6.4.5
Jinja2                   3.1.4
joblib                   1.4.2
kiwisolver               1.4.7
MarkupSafe               3.0.2
matplotlib               3.8.2
matplotlib-inline        0.1.7
mpmath                   1.3.0
networkx                 3.2.1
numpy                    1.25.1
nvidia-cublas-cu11       11.11.3.6
nvidia-cuda-cupti-cu11   11.8.87
nvidia-cuda-nvrtc-cu11   11.8.89
nvidia-cuda-runtime-cu11 11.8.89
nvidia-cudnn-cu11        8.7.0.84
nvidia-cufft-cu11        10.9.0.58
nvidia-curand-cu11       10.3.0.86
nvidia-cusolver-cu11     11.4.1.48
nvidia-cusparse-cu11     11.7.5.86
nvidia-nccl-cu11         2.19.3
nvidia-nvtx-cu11         11.8.86
packaging                24.2
pandas                   2.2.3
pillow                   11.0.0
pip                      24.1.2
platformdirs             4.2.2
pyparsing                3.2.0
python-dateutil          2.9.0.post0
pytz                     2024.2
scikit-learn             1.5.2
scipy                    1.13.1
setuptools               70.3.0
six                      1.16.0
sympy                    1.13.3
threadpoolctl            3.5.0
torch                    2.2.0+cu118
torch_scatter            2.1.2
tqdm                     4.66.2
traitlets                5.14.3
triton                   2.2.0
typing_extensions        4.12.2
tzdata                   2024.2
virtualenv               20.26.3
wheel                    0.43.0
x-transformers           1.16.23
zipp                     3.21.0
Mon Dec  2 10:34:54 2024       
+-----------------------------------------------------------------------------------------+
| NVIDIA-SMI 565.57.01              Driver Version: 565.57.01      CUDA Version: 12.7     |
|-----------------------------------------+------------------------+----------------------+
| GPU  Name                 Persistence-M | Bus-Id          Disp.A | Volatile Uncorr. ECC |
| Fan  Temp   Perf          Pwr:Usage/Cap |           Memory-Usage | GPU-Util  Compute M. |
|                                         |                        |               MIG M. |
|=========================================+========================+======================|
|   0  Tesla V100-SXM2-32GB           On  |   00000000:3A:00.0 Off |                    0 |
| N/A   44C    P0             43W /  300W |       1MiB /  32768MiB |      0%   E. Process |
|                                         |                        |                  N/A |
+-----------------------------------------+------------------------+----------------------+
                                                                                         
+-----------------------------------------------------------------------------------------+
| Processes:                                                                              |
|  GPU   GI   CI        PID   Type   Process name                              GPU Memory |
|        ID   ID                                                               Usage      |
|=========================================================================================|
|  No running processes found                                                             |
+-----------------------------------------------------------------------------------------+
Starting training...
Using device: cuda

=== Training on Split 1/5 ===

Split 1, Epoch 1/100
Train Loss: 0.5687, Val Loss: 0.5176
Val AUROC: 0.8235, Val AUPRC: 0.4675

Split 1, Epoch 2/100
Train Loss: 0.5145, Val Loss: 0.5123
Val AUROC: 0.8301, Val AUPRC: 0.4678

Split 1, Epoch 3/100
Train Loss: 0.5100, Val Loss: 0.5052
Val AUROC: 0.8431, Val AUPRC: 0.4924

Split 1, Epoch 4/100
Train Loss: 0.4990, Val Loss: 0.5054
Val AUROC: 0.8355, Val AUPRC: 0.4890
EarlyStopping counter: 1 out of 10

Split 1, Epoch 5/100
Train Loss: 0.4935, Val Loss: 0.4890
Val AUROC: 0.8437, Val AUPRC: 0.4919

Split 1, Epoch 6/100
Train Loss: 0.4884, Val Loss: 0.5048
Val AUROC: 0.8308, Val AUPRC: 0.4680
EarlyStopping counter: 1 out of 10

Split 1, Epoch 7/100
Train Loss: 0.4800, Val Loss: 0.5137
Val AUROC: 0.8490, Val AUPRC: 0.5065
EarlyStopping counter: 2 out of 10

Split 1, Epoch 8/100
Train Loss: 0.4712, Val Loss: 0.4852
Val AUROC: 0.8454, Val AUPRC: 0.5054

Split 1, Epoch 9/100
Train Loss: 0.4661, Val Loss: 0.4787
Val AUROC: 0.8513, Val AUPRC: 0.5143

Split 1, Epoch 10/100
Train Loss: 0.4621, Val Loss: 0.4848
Val AUROC: 0.8450, Val AUPRC: 0.4938
EarlyStopping counter: 1 out of 10

Split 1, Epoch 11/100
Train Loss: 0.4512, Val Loss: 0.4948
Val AUROC: 0.8488, Val AUPRC: 0.5004
EarlyStopping counter: 2 out of 10

Split 1, Epoch 12/100
Train Loss: 0.4656, Val Loss: 0.5143
Val AUROC: 0.8429, Val AUPRC: 0.5013
EarlyStopping counter: 3 out of 10

Split 1, Epoch 13/100
Train Loss: 0.4510, Val Loss: 0.4927
Val AUROC: 0.8441, Val AUPRC: 0.5001
EarlyStopping counter: 4 out of 10

Split 1, Epoch 14/100
Train Loss: 0.4445, Val Loss: 0.5074
Val AUROC: 0.8385, Val AUPRC: 0.4965
EarlyStopping counter: 5 out of 10

Split 1, Epoch 15/100
Train Loss: 0.4469, Val Loss: 0.5340
Val AUROC: 0.8275, Val AUPRC: 0.4963
EarlyStopping counter: 6 out of 10

Split 1, Epoch 16/100
Train Loss: 0.4372, Val Loss: 0.5380
Val AUROC: 0.8347, Val AUPRC: 0.5068
EarlyStopping counter: 7 out of 10

Split 1, Epoch 17/100
Train Loss: 0.4319, Val Loss: 0.5954
Val AUROC: 0.8313, Val AUPRC: 0.4860
EarlyStopping counter: 8 out of 10

Split 1, Epoch 18/100
Train Loss: 0.4272, Val Loss: 0.5244
Val AUROC: 0.8395, Val AUPRC: 0.4850
EarlyStopping counter: 9 out of 10

Split 1, Epoch 19/100
Train Loss: 0.4120, Val Loss: 0.5468
Val AUROC: 0.8249, Val AUPRC: 0.4745
EarlyStopping counter: 10 out of 10
Early stopping triggered at epoch 18

Split 1 Test Metrics:
loss: 0.5453
accuracy: 0.7490
auprc: 0.4743
auroc: 0.8331

=== Training on Split 2/5 ===

Split 2, Epoch 1/100
Train Loss: 0.5823, Val Loss: 0.5122
Val AUROC: 0.8351, Val AUPRC: 0.5507

Split 2, Epoch 2/100
Train Loss: 0.5141, Val Loss: 0.4995
Val AUROC: 0.8416, Val AUPRC: 0.5836

Split 2, Epoch 3/100
Train Loss: 0.5060, Val Loss: 0.4868
Val AUROC: 0.8463, Val AUPRC: 0.5794

Split 2, Epoch 4/100
Train Loss: 0.4924, Val Loss: 0.4929
Val AUROC: 0.8464, Val AUPRC: 0.5664
EarlyStopping counter: 1 out of 10

Split 2, Epoch 5/100
Train Loss: 0.4892, Val Loss: 0.5053
Val AUROC: 0.8461, Val AUPRC: 0.5981
EarlyStopping counter: 2 out of 10

Split 2, Epoch 6/100
Train Loss: 0.4865, Val Loss: 0.5023
Val AUROC: 0.8516, Val AUPRC: 0.5875
EarlyStopping counter: 3 out of 10

Split 2, Epoch 7/100
Train Loss: 0.4811, Val Loss: 0.5118
Val AUROC: 0.8533, Val AUPRC: 0.5819
EarlyStopping counter: 4 out of 10

Split 2, Epoch 8/100
Train Loss: 0.4747, Val Loss: 0.5082
Val AUROC: 0.8464, Val AUPRC: 0.5726
EarlyStopping counter: 5 out of 10

Split 2, Epoch 9/100
Train Loss: 0.4710, Val Loss: 0.5344
Val AUROC: 0.8497, Val AUPRC: 0.5691
EarlyStopping counter: 6 out of 10

Split 2, Epoch 10/100
Train Loss: 0.4635, Val Loss: 0.5114
Val AUROC: 0.8506, Val AUPRC: 0.5554
EarlyStopping counter: 7 out of 10

Split 2, Epoch 11/100
Train Loss: 0.4589, Val Loss: 0.5506
Val AUROC: 0.8499, Val AUPRC: 0.5648
EarlyStopping counter: 8 out of 10

Split 2, Epoch 12/100
Train Loss: 0.4608, Val Loss: 0.5394
Val AUROC: 0.8448, Val AUPRC: 0.5300
EarlyStopping counter: 9 out of 10

Split 2, Epoch 13/100
Train Loss: 0.4528, Val Loss: 0.5103
Val AUROC: 0.8523, Val AUPRC: 0.5611
EarlyStopping counter: 10 out of 10
Early stopping triggered at epoch 12

Split 2 Test Metrics:
loss: 0.5221
accuracy: 0.7815
auprc: 0.4578
auroc: 0.8407

=== Training on Split 3/5 ===

Split 3, Epoch 1/100
Train Loss: 0.5784, Val Loss: 0.5114
Val AUROC: 0.8357, Val AUPRC: 0.4585

Split 3, Epoch 2/100
Train Loss: 0.5182, Val Loss: 0.5094
Val AUROC: 0.8414, Val AUPRC: 0.4638

Split 3, Epoch 3/100
Train Loss: 0.4990, Val Loss: 0.5073
Val AUROC: 0.8449, Val AUPRC: 0.4936

Split 3, Epoch 4/100
Train Loss: 0.5015, Val Loss: 0.4963
Val AUROC: 0.8478, Val AUPRC: 0.4894

Split 3, Epoch 5/100
Train Loss: 0.4918, Val Loss: 0.4953
Val AUROC: 0.8480, Val AUPRC: 0.4654

Split 3, Epoch 6/100
Train Loss: 0.4893, Val Loss: 0.4788
Val AUROC: 0.8527, Val AUPRC: 0.5058

Split 3, Epoch 7/100
Train Loss: 0.4793, Val Loss: 0.4704
Val AUROC: 0.8591, Val AUPRC: 0.5013

Split 3, Epoch 8/100
Train Loss: 0.4788, Val Loss: 0.4827
Val AUROC: 0.8559, Val AUPRC: 0.5071
EarlyStopping counter: 1 out of 10

Split 3, Epoch 9/100
Train Loss: 0.4710, Val Loss: 0.4755
Val AUROC: 0.8573, Val AUPRC: 0.5181
EarlyStopping counter: 2 out of 10

Split 3, Epoch 10/100
Train Loss: 0.4678, Val Loss: 0.4737
Val AUROC: 0.8634, Val AUPRC: 0.5102
EarlyStopping counter: 3 out of 10

Split 3, Epoch 11/100
Train Loss: 0.4630, Val Loss: 0.4859
Val AUROC: 0.8488, Val AUPRC: 0.4996
EarlyStopping counter: 4 out of 10

Split 3, Epoch 12/100
Train Loss: 0.4601, Val Loss: 0.4859
Val AUROC: 0.8553, Val AUPRC: 0.5005
EarlyStopping counter: 5 out of 10

Split 3, Epoch 13/100
Train Loss: 0.4482, Val Loss: 0.4905
Val AUROC: 0.8560, Val AUPRC: 0.5193
EarlyStopping counter: 6 out of 10

Split 3, Epoch 14/100
Train Loss: 0.4454, Val Loss: 0.4767
Val AUROC: 0.8634, Val AUPRC: 0.5303
EarlyStopping counter: 7 out of 10

Split 3, Epoch 15/100
Train Loss: 0.4390, Val Loss: 0.4861
Val AUROC: 0.8517, Val AUPRC: 0.5231
EarlyStopping counter: 8 out of 10

Split 3, Epoch 16/100
Train Loss: 0.4272, Val Loss: 0.5129
Val AUROC: 0.8529, Val AUPRC: 0.5101
EarlyStopping counter: 9 out of 10

Split 3, Epoch 17/100
Train Loss: 0.4214, Val Loss: 0.5009
Val AUROC: 0.8539, Val AUPRC: 0.5069
EarlyStopping counter: 10 out of 10
Early stopping triggered at epoch 16

Split 3 Test Metrics:
loss: 0.5294
accuracy: 0.7606
auprc: 0.4807
auroc: 0.8394

=== Training on Split 4/5 ===

Split 4, Epoch 1/100
Train Loss: 0.5650, Val Loss: 0.6056
Val AUROC: 0.7855, Val AUPRC: 0.4419

Split 4, Epoch 2/100
Train Loss: 0.5169, Val Loss: 0.5647
Val AUROC: 0.8077, Val AUPRC: 0.4488

Split 4, Epoch 3/100
Train Loss: 0.5019, Val Loss: 0.5496
Val AUROC: 0.8130, Val AUPRC: 0.4765

Split 4, Epoch 4/100
Train Loss: 0.4990, Val Loss: 0.5637
Val AUROC: 0.7916, Val AUPRC: 0.4592
EarlyStopping counter: 1 out of 10

Split 4, Epoch 5/100
Train Loss: 0.4907, Val Loss: 0.5362
Val AUROC: 0.8106, Val AUPRC: 0.4692

Split 4, Epoch 6/100
Train Loss: 0.4767, Val Loss: 0.5176
Val AUROC: 0.8243, Val AUPRC: 0.4503

Split 4, Epoch 7/100
Train Loss: 0.4762, Val Loss: 0.5514
Val AUROC: 0.8061, Val AUPRC: 0.4449
EarlyStopping counter: 1 out of 10

Split 4, Epoch 8/100
Train Loss: 0.4645, Val Loss: 0.5587
Val AUROC: 0.8218, Val AUPRC: 0.4581
EarlyStopping counter: 2 out of 10

Split 4, Epoch 9/100
Train Loss: 0.4703, Val Loss: 0.5358
Val AUROC: 0.8204, Val AUPRC: 0.4520
EarlyStopping counter: 3 out of 10

Split 4, Epoch 10/100
Train Loss: 0.4514, Val Loss: 0.5365
Val AUROC: 0.8115, Val AUPRC: 0.4529
EarlyStopping counter: 4 out of 10

Split 4, Epoch 11/100
Train Loss: 0.4483, Val Loss: 0.6095
Val AUROC: 0.7881, Val AUPRC: 0.4224
EarlyStopping counter: 5 out of 10

Split 4, Epoch 12/100
Train Loss: 0.4449, Val Loss: 0.5962
Val AUROC: 0.8217, Val AUPRC: 0.4313
EarlyStopping counter: 6 out of 10

Split 4, Epoch 13/100
Train Loss: 0.4377, Val Loss: 0.5935
Val AUROC: 0.8259, Val AUPRC: 0.4607
EarlyStopping counter: 7 out of 10

Split 4, Epoch 14/100
Train Loss: 0.4342, Val Loss: 0.5398
Val AUROC: 0.8252, Val AUPRC: 0.4356
EarlyStopping counter: 8 out of 10

Split 4, Epoch 15/100
Train Loss: 0.4185, Val Loss: 0.5620
Val AUROC: 0.8128, Val AUPRC: 0.4034
EarlyStopping counter: 9 out of 10

Split 4, Epoch 16/100
Train Loss: 0.4201, Val Loss: 0.5767
Val AUROC: 0.8156, Val AUPRC: 0.4145
EarlyStopping counter: 10 out of 10
Early stopping triggered at epoch 15

Split 4 Test Metrics:
loss: 0.5233
accuracy: 0.7765
auprc: 0.5151
auroc: 0.8478

=== Training on Split 5/5 ===

Split 5, Epoch 1/100
Train Loss: 0.5842, Val Loss: 0.5081
Val AUROC: 0.8357, Val AUPRC: 0.4859

Split 5, Epoch 2/100
Train Loss: 0.5209, Val Loss: 0.4891
Val AUROC: 0.8448, Val AUPRC: 0.4933

Split 5, Epoch 3/100
Train Loss: 0.5086, Val Loss: 0.4937
Val AUROC: 0.8481, Val AUPRC: 0.5083
EarlyStopping counter: 1 out of 10

Split 5, Epoch 4/100
Train Loss: 0.4985, Val Loss: 0.4920
Val AUROC: 0.8475, Val AUPRC: 0.5039
EarlyStopping counter: 2 out of 10

Split 5, Epoch 5/100
Train Loss: 0.4983, Val Loss: 0.4825
Val AUROC: 0.8489, Val AUPRC: 0.4992

Split 5, Epoch 6/100
Train Loss: 0.4883, Val Loss: 0.4963
Val AUROC: 0.8488, Val AUPRC: 0.5105
EarlyStopping counter: 1 out of 10

Split 5, Epoch 7/100
Train Loss: 0.4788, Val Loss: 0.5053
Val AUROC: 0.8463, Val AUPRC: 0.4834
EarlyStopping counter: 2 out of 10

Split 5, Epoch 8/100
Train Loss: 0.4765, Val Loss: 0.5363
Val AUROC: 0.8392, Val AUPRC: 0.4751
EarlyStopping counter: 3 out of 10

Split 5, Epoch 9/100
Train Loss: 0.4740, Val Loss: 0.5365
Val AUROC: 0.8395, Val AUPRC: 0.4766
EarlyStopping counter: 4 out of 10

Split 5, Epoch 10/100
Train Loss: 0.4697, Val Loss: 0.5065
Val AUROC: 0.8496, Val AUPRC: 0.4843
EarlyStopping counter: 5 out of 10

Split 5, Epoch 11/100
Train Loss: 0.4644, Val Loss: 0.4834
Val AUROC: 0.8502, Val AUPRC: 0.5021
EarlyStopping counter: 6 out of 10

Split 5, Epoch 12/100
Train Loss: 0.4540, Val Loss: 0.5081
Val AUROC: 0.8459, Val AUPRC: 0.4730
EarlyStopping counter: 7 out of 10

Split 5, Epoch 13/100
Train Loss: 0.4504, Val Loss: 0.4973
Val AUROC: 0.8473, Val AUPRC: 0.4714
EarlyStopping counter: 8 out of 10

Split 5, Epoch 14/100
Train Loss: 0.4519, Val Loss: 0.5483
Val AUROC: 0.8426, Val AUPRC: 0.4763
EarlyStopping counter: 9 out of 10

Split 5, Epoch 15/100
Train Loss: 0.4487, Val Loss: 0.5043
Val AUROC: 0.8359, Val AUPRC: 0.4862
EarlyStopping counter: 10 out of 10
Early stopping triggered at epoch 14

Split 5 Test Metrics:
loss: 0.4868
accuracy: 0.7907
auprc: 0.5202
auroc: 0.8508

Final Cross-Validation Results:
Mean ± Std:
loss: 0.5214 ± 0.0192
accuracy: 0.7716 ± 0.0150
auprc: 0.4896 ± 0.0241
auroc: 0.8423 ± 0.0063
