Installing requirements...
Looking in indexes: https://pypi.org/simple, https://download.pytorch.org/whl/cu118
Collecting torch==2.2.0 (from -r requirements.txt (line 2))
  Using cached https://download.pytorch.org/whl/cu118/torch-2.2.0%2Bcu118-cp39-cp39-linux_x86_64.whl (811.7 MB)
Collecting numpy==1.25.1 (from -r requirements.txt (line 3))
  Using cached numpy-1.25.1-cp39-cp39-manylinux_2_17_x86_64.manylinux2014_x86_64.whl.metadata (5.6 kB)
Collecting tqdm==4.66.2 (from -r requirements.txt (line 4))
  Using cached tqdm-4.66.2-py3-none-any.whl.metadata (57 kB)
Collecting pandas==1.1.4 (from -r requirements.txt (line 5))
  Using cached pandas-1.1.4-cp39-cp39-manylinux1_x86_64.whl.metadata (4.7 kB)
Collecting h5py==3.12.1 (from -r requirements.txt (line 6))
  Using cached h5py-3.12.1-cp39-cp39-manylinux_2_17_x86_64.manylinux2014_x86_64.whl.metadata (2.5 kB)
Collecting matplotlib==3.8.2 (from -r requirements.txt (line 7))
  Using cached matplotlib-3.8.2-cp39-cp39-manylinux_2_17_x86_64.manylinux2014_x86_64.whl.metadata (5.8 kB)
Collecting matplotlib-inline==0.1.7 (from -r requirements.txt (line 8))
  Using cached matplotlib_inline-0.1.7-py3-none-any.whl.metadata (3.9 kB)
Collecting click==8.1.7 (from -r requirements.txt (line 9))
  Using cached click-8.1.7-py3-none-any.whl.metadata (3.0 kB)
Collecting scikit-learn==0.24.2 (from -r requirements.txt (line 10))
  Using cached scikit_learn-0.24.2-cp39-cp39-manylinux2010_x86_64.whl.metadata (9.8 kB)
Collecting x-transformers==1.16.23 (from -r requirements.txt (line 11))
  Using cached x_transformers-1.16.23-py3-none-any.whl.metadata (666 bytes)
Requirement already satisfied: filelock in /appl9/python/3.9.19/lib/python3.9/site-packages (from torch==2.2.0->-r requirements.txt (line 2)) (3.15.4)
Collecting typing-extensions>=4.8.0 (from torch==2.2.0->-r requirements.txt (line 2))
  Using cached typing_extensions-4.12.2-py3-none-any.whl.metadata (3.0 kB)
Collecting sympy (from torch==2.2.0->-r requirements.txt (line 2))
  Using cached sympy-1.13.3-py3-none-any.whl.metadata (12 kB)
Collecting networkx (from torch==2.2.0->-r requirements.txt (line 2))
  Using cached https://download.pytorch.org/whl/networkx-3.2.1-py3-none-any.whl (1.6 MB)
Collecting jinja2 (from torch==2.2.0->-r requirements.txt (line 2))
  Using cached jinja2-3.1.4-py3-none-any.whl.metadata (2.6 kB)
Collecting fsspec (from torch==2.2.0->-r requirements.txt (line 2))
  Using cached fsspec-2024.10.0-py3-none-any.whl.metadata (11 kB)
Collecting nvidia-cuda-nvrtc-cu11==11.8.89 (from torch==2.2.0->-r requirements.txt (line 2))
  Using cached nvidia_cuda_nvrtc_cu11-11.8.89-py3-none-manylinux2014_x86_64.whl.metadata (1.5 kB)
Collecting nvidia-cuda-runtime-cu11==11.8.89 (from torch==2.2.0->-r requirements.txt (line 2))
  Using cached nvidia_cuda_runtime_cu11-11.8.89-py3-none-manylinux2014_x86_64.whl.metadata (1.5 kB)
Collecting nvidia-cuda-cupti-cu11==11.8.87 (from torch==2.2.0->-r requirements.txt (line 2))
  Using cached nvidia_cuda_cupti_cu11-11.8.87-py3-none-manylinux2014_x86_64.whl.metadata (1.6 kB)
Collecting nvidia-cudnn-cu11==8.7.0.84 (from torch==2.2.0->-r requirements.txt (line 2))
  Using cached https://download.pytorch.org/whl/cu118/nvidia_cudnn_cu11-8.7.0.84-py3-none-manylinux1_x86_64.whl (728.5 MB)
Collecting nvidia-cublas-cu11==11.11.3.6 (from torch==2.2.0->-r requirements.txt (line 2))
  Using cached nvidia_cublas_cu11-11.11.3.6-py3-none-manylinux2014_x86_64.whl.metadata (1.5 kB)
Collecting nvidia-cufft-cu11==10.9.0.58 (from torch==2.2.0->-r requirements.txt (line 2))
  Using cached nvidia_cufft_cu11-10.9.0.58-py3-none-manylinux2014_x86_64.whl.metadata (1.5 kB)
Collecting nvidia-curand-cu11==10.3.0.86 (from torch==2.2.0->-r requirements.txt (line 2))
  Using cached nvidia_curand_cu11-10.3.0.86-py3-none-manylinux2014_x86_64.whl.metadata (1.5 kB)
Collecting nvidia-cusolver-cu11==11.4.1.48 (from torch==2.2.0->-r requirements.txt (line 2))
  Using cached nvidia_cusolver_cu11-11.4.1.48-py3-none-manylinux2014_x86_64.whl.metadata (1.6 kB)
Collecting nvidia-cusparse-cu11==11.7.5.86 (from torch==2.2.0->-r requirements.txt (line 2))
  Using cached nvidia_cusparse_cu11-11.7.5.86-py3-none-manylinux2014_x86_64.whl.metadata (1.5 kB)
Collecting nvidia-nccl-cu11==2.19.3 (from torch==2.2.0->-r requirements.txt (line 2))
  Using cached https://download.pytorch.org/whl/cu118/nvidia_nccl_cu11-2.19.3-py3-none-manylinux1_x86_64.whl (135.3 MB)
Collecting nvidia-nvtx-cu11==11.8.86 (from torch==2.2.0->-r requirements.txt (line 2))
  Using cached nvidia_nvtx_cu11-11.8.86-py3-none-manylinux2014_x86_64.whl.metadata (1.7 kB)
Collecting triton==2.2.0 (from torch==2.2.0->-r requirements.txt (line 2))
  Using cached https://download.pytorch.org/whl/triton-2.2.0-cp39-cp39-manylinux_2_17_x86_64.manylinux2014_x86_64.whl (167.9 MB)
Collecting python-dateutil>=2.7.3 (from pandas==1.1.4->-r requirements.txt (line 5))
  Using cached python_dateutil-2.9.0.post0-py2.py3-none-any.whl.metadata (8.4 kB)
Collecting pytz>=2017.2 (from pandas==1.1.4->-r requirements.txt (line 5))
  Using cached pytz-2024.2-py2.py3-none-any.whl.metadata (22 kB)
Collecting contourpy>=1.0.1 (from matplotlib==3.8.2->-r requirements.txt (line 7))
  Using cached contourpy-1.3.0-cp39-cp39-manylinux_2_17_x86_64.manylinux2014_x86_64.whl.metadata (5.4 kB)
Collecting cycler>=0.10 (from matplotlib==3.8.2->-r requirements.txt (line 7))
  Using cached cycler-0.12.1-py3-none-any.whl.metadata (3.8 kB)
Collecting fonttools>=4.22.0 (from matplotlib==3.8.2->-r requirements.txt (line 7))
  Using cached fonttools-4.55.0-cp39-cp39-manylinux_2_17_x86_64.manylinux2014_x86_64.whl.metadata (164 kB)
Collecting kiwisolver>=1.3.1 (from matplotlib==3.8.2->-r requirements.txt (line 7))
  Using cached kiwisolver-1.4.7-cp39-cp39-manylinux_2_12_x86_64.manylinux2010_x86_64.whl.metadata (6.3 kB)
Collecting packaging>=20.0 (from matplotlib==3.8.2->-r requirements.txt (line 7))
  Using cached packaging-24.2-py3-none-any.whl.metadata (3.2 kB)
Collecting pillow>=8 (from matplotlib==3.8.2->-r requirements.txt (line 7))
  Using cached pillow-11.0.0-cp39-cp39-manylinux_2_28_x86_64.whl.metadata (9.1 kB)
Collecting pyparsing>=2.3.1 (from matplotlib==3.8.2->-r requirements.txt (line 7))
  Using cached pyparsing-3.2.0-py3-none-any.whl.metadata (5.0 kB)
Collecting importlib-resources>=3.2.0 (from matplotlib==3.8.2->-r requirements.txt (line 7))
  Using cached importlib_resources-6.4.5-py3-none-any.whl.metadata (4.0 kB)
Collecting traitlets (from matplotlib-inline==0.1.7->-r requirements.txt (line 8))
  Using cached traitlets-5.14.3-py3-none-any.whl.metadata (10 kB)
Collecting scipy>=0.19.1 (from scikit-learn==0.24.2->-r requirements.txt (line 10))
  Using cached scipy-1.13.1-cp39-cp39-manylinux_2_17_x86_64.manylinux2014_x86_64.whl.metadata (60 kB)
Collecting joblib>=0.11 (from scikit-learn==0.24.2->-r requirements.txt (line 10))
  Using cached joblib-1.4.2-py3-none-any.whl.metadata (5.4 kB)
Collecting threadpoolctl>=2.0.0 (from scikit-learn==0.24.2->-r requirements.txt (line 10))
  Using cached threadpoolctl-3.5.0-py3-none-any.whl.metadata (13 kB)
Collecting einops>=0.6.1 (from x-transformers==1.16.23->-r requirements.txt (line 11))
  Using cached einops-0.8.0-py3-none-any.whl.metadata (12 kB)
Collecting zipp>=3.1.0 (from importlib-resources>=3.2.0->matplotlib==3.8.2->-r requirements.txt (line 7))
  Using cached zipp-3.21.0-py3-none-any.whl.metadata (3.7 kB)
Collecting six>=1.5 (from python-dateutil>=2.7.3->pandas==1.1.4->-r requirements.txt (line 5))
  Using cached six-1.16.0-py2.py3-none-any.whl.metadata (1.8 kB)
Collecting MarkupSafe>=2.0 (from jinja2->torch==2.2.0->-r requirements.txt (line 2))
  Using cached MarkupSafe-3.0.2-cp39-cp39-manylinux_2_17_x86_64.manylinux2014_x86_64.whl.metadata (4.0 kB)
Collecting mpmath<1.4,>=1.1.0 (from sympy->torch==2.2.0->-r requirements.txt (line 2))
  Using cached https://download.pytorch.org/whl/mpmath-1.3.0-py3-none-any.whl (536 kB)
Using cached numpy-1.25.1-cp39-cp39-manylinux_2_17_x86_64.manylinux2014_x86_64.whl (17.7 MB)
Using cached tqdm-4.66.2-py3-none-any.whl (78 kB)
Using cached pandas-1.1.4-cp39-cp39-manylinux1_x86_64.whl (9.3 MB)
Using cached h5py-3.12.1-cp39-cp39-manylinux_2_17_x86_64.manylinux2014_x86_64.whl (5.4 MB)
Using cached matplotlib-3.8.2-cp39-cp39-manylinux_2_17_x86_64.manylinux2014_x86_64.whl (11.6 MB)
Using cached matplotlib_inline-0.1.7-py3-none-any.whl (9.9 kB)
Using cached click-8.1.7-py3-none-any.whl (97 kB)
Using cached scikit_learn-0.24.2-cp39-cp39-manylinux2010_x86_64.whl (23.8 MB)
Using cached x_transformers-1.16.23-py3-none-any.whl (26 kB)
Using cached nvidia_cublas_cu11-11.11.3.6-py3-none-manylinux2014_x86_64.whl (417.9 MB)
Using cached nvidia_cuda_cupti_cu11-11.8.87-py3-none-manylinux2014_x86_64.whl (13.1 MB)
Using cached nvidia_cuda_nvrtc_cu11-11.8.89-py3-none-manylinux2014_x86_64.whl (23.2 MB)
Using cached nvidia_cuda_runtime_cu11-11.8.89-py3-none-manylinux2014_x86_64.whl (875 kB)
Using cached nvidia_cufft_cu11-10.9.0.58-py3-none-manylinux2014_x86_64.whl (168.4 MB)
Using cached nvidia_curand_cu11-10.3.0.86-py3-none-manylinux2014_x86_64.whl (58.1 MB)
Using cached nvidia_cusolver_cu11-11.4.1.48-py3-none-manylinux2014_x86_64.whl (128.2 MB)
Using cached nvidia_cusparse_cu11-11.7.5.86-py3-none-manylinux2014_x86_64.whl (204.1 MB)
Using cached nvidia_nvtx_cu11-11.8.86-py3-none-manylinux2014_x86_64.whl (99 kB)
Using cached contourpy-1.3.0-cp39-cp39-manylinux_2_17_x86_64.manylinux2014_x86_64.whl (321 kB)
Using cached cycler-0.12.1-py3-none-any.whl (8.3 kB)
Using cached einops-0.8.0-py3-none-any.whl (43 kB)
Using cached fonttools-4.55.0-cp39-cp39-manylinux_2_17_x86_64.manylinux2014_x86_64.whl (4.6 MB)
Using cached importlib_resources-6.4.5-py3-none-any.whl (36 kB)
Using cached joblib-1.4.2-py3-none-any.whl (301 kB)
Using cached kiwisolver-1.4.7-cp39-cp39-manylinux_2_12_x86_64.manylinux2010_x86_64.whl (1.6 MB)
Using cached packaging-24.2-py3-none-any.whl (65 kB)
Using cached pillow-11.0.0-cp39-cp39-manylinux_2_28_x86_64.whl (4.4 MB)
Using cached pyparsing-3.2.0-py3-none-any.whl (106 kB)
Using cached python_dateutil-2.9.0.post0-py2.py3-none-any.whl (229 kB)
Using cached pytz-2024.2-py2.py3-none-any.whl (508 kB)
Using cached scipy-1.13.1-cp39-cp39-manylinux_2_17_x86_64.manylinux2014_x86_64.whl (38.6 MB)
Using cached threadpoolctl-3.5.0-py3-none-any.whl (18 kB)
Using cached typing_extensions-4.12.2-py3-none-any.whl (37 kB)
Using cached fsspec-2024.10.0-py3-none-any.whl (179 kB)
Using cached jinja2-3.1.4-py3-none-any.whl (133 kB)
Using cached sympy-1.13.3-py3-none-any.whl (6.2 MB)
Using cached traitlets-5.14.3-py3-none-any.whl (85 kB)
Using cached MarkupSafe-3.0.2-cp39-cp39-manylinux_2_17_x86_64.manylinux2014_x86_64.whl (20 kB)
Using cached six-1.16.0-py2.py3-none-any.whl (11 kB)
Using cached zipp-3.21.0-py3-none-any.whl (9.6 kB)
Installing collected packages: pytz, mpmath, zipp, typing-extensions, triton, traitlets, tqdm, threadpoolctl, sympy, six, pyparsing, pillow, packaging, nvidia-nvtx-cu11, nvidia-nccl-cu11, nvidia-cusparse-cu11, nvidia-curand-cu11, nvidia-cufft-cu11, nvidia-cuda-runtime-cu11, nvidia-cuda-nvrtc-cu11, nvidia-cuda-cupti-cu11, nvidia-cublas-cu11, numpy, networkx, MarkupSafe, kiwisolver, joblib, fsspec, fonttools, einops, cycler, click, scipy, python-dateutil, nvidia-cusolver-cu11, nvidia-cudnn-cu11, matplotlib-inline, jinja2, importlib-resources, h5py, contourpy, torch, scikit-learn, pandas, matplotlib, x-transformers
Looking in indexes: https://pypi.org/simple, https://data.pyg.org/whl/torch-2.2.0+cu118.html
Requirement already satisfied: torch_scatter in ./.venv/lib/python3.9/site-packages (2.1.2)
Installing requirements...
Looking in indexes: https://pypi.org/simple, https://download.pytorch.org/whl/cu118
Requirement already satisfied: torch==2.2.0 in ./.venv/lib/python3.9/site-packages (from -r requirements.txt (line 2)) (2.2.0+cu118)
Requirement already satisfied: numpy==1.25.1 in ./.venv/lib/python3.9/site-packages (from -r requirements.txt (line 3)) (1.25.1)
Requirement already satisfied: tqdm==4.66.2 in ./.venv/lib/python3.9/site-packages (from -r requirements.txt (line 4)) (4.66.2)
Requirement already satisfied: pandas==1.1.4 in ./.venv/lib/python3.9/site-packages (from -r requirements.txt (line 5)) (1.1.4)
Requirement already satisfied: h5py==3.12.1 in ./.venv/lib/python3.9/site-packages (from -r requirements.txt (line 6)) (3.12.1)
Requirement already satisfied: matplotlib==3.8.2 in ./.venv/lib/python3.9/site-packages (from -r requirements.txt (line 7)) (3.8.2)
Requirement already satisfied: matplotlib-inline==0.1.7 in ./.venv/lib/python3.9/site-packages (from -r requirements.txt (line 8)) (0.1.7)
Requirement already satisfied: click==8.1.7 in ./.venv/lib/python3.9/site-packages (from -r requirements.txt (line 9)) (8.1.7)
Requirement already satisfied: scikit-learn==0.24.2 in ./.venv/lib/python3.9/site-packages (from -r requirements.txt (line 10)) (0.24.2)
Requirement already satisfied: x-transformers==1.16.23 in ./.venv/lib/python3.9/site-packages (from -r requirements.txt (line 11)) (1.16.23)
Requirement already satisfied: filelock in /appl9/python/3.9.19/lib/python3.9/site-packages (from torch==2.2.0->-r requirements.txt (line 2)) (3.15.4)
Requirement already satisfied: typing-extensions>=4.8.0 in ./.venv/lib/python3.9/site-packages (from torch==2.2.0->-r requirements.txt (line 2)) (4.12.2)
Requirement already satisfied: sympy in ./.venv/lib/python3.9/site-packages (from torch==2.2.0->-r requirements.txt (line 2)) (1.13.3)
Requirement already satisfied: networkx in ./.venv/lib/python3.9/site-packages (from torch==2.2.0->-r requirements.txt (line 2)) (3.2.1)
Requirement already satisfied: jinja2 in ./.venv/lib/python3.9/site-packages (from torch==2.2.0->-r requirements.txt (line 2)) (3.1.4)
Requirement already satisfied: fsspec in ./.venv/lib/python3.9/site-packages (from torch==2.2.0->-r requirements.txt (line 2)) (2024.10.0)
Requirement already satisfied: nvidia-cuda-nvrtc-cu11==11.8.89 in ./.venv/lib/python3.9/site-packages (from torch==2.2.0->-r requirements.txt (line 2)) (11.8.89)
Requirement already satisfied: nvidia-cuda-runtime-cu11==11.8.89 in ./.venv/lib/python3.9/site-packages (from torch==2.2.0->-r requirements.txt (line 2)) (11.8.89)
Requirement already satisfied: nvidia-cuda-cupti-cu11==11.8.87 in ./.venv/lib/python3.9/site-packages (from torch==2.2.0->-r requirements.txt (line 2)) (11.8.87)
Requirement already satisfied: nvidia-cudnn-cu11==8.7.0.84 in ./.venv/lib/python3.9/site-packages (from torch==2.2.0->-r requirements.txt (line 2)) (8.7.0.84)
Requirement already satisfied: nvidia-cublas-cu11==11.11.3.6 in ./.venv/lib/python3.9/site-packages (from torch==2.2.0->-r requirements.txt (line 2)) (11.11.3.6)
Requirement already satisfied: nvidia-cufft-cu11==10.9.0.58 in ./.venv/lib/python3.9/site-packages (from torch==2.2.0->-r requirements.txt (line 2)) (10.9.0.58)
Requirement already satisfied: nvidia-curand-cu11==10.3.0.86 in ./.venv/lib/python3.9/site-packages (from torch==2.2.0->-r requirements.txt (line 2)) (10.3.0.86)
Requirement already satisfied: nvidia-cusolver-cu11==11.4.1.48 in ./.venv/lib/python3.9/site-packages (from torch==2.2.0->-r requirements.txt (line 2)) (11.4.1.48)
Requirement already satisfied: nvidia-cusparse-cu11==11.7.5.86 in ./.venv/lib/python3.9/site-packages (from torch==2.2.0->-r requirements.txt (line 2)) (11.7.5.86)
Requirement already satisfied: nvidia-nccl-cu11==2.19.3 in ./.venv/lib/python3.9/site-packages (from torch==2.2.0->-r requirements.txt (line 2)) (2.19.3)
Requirement already satisfied: nvidia-nvtx-cu11==11.8.86 in ./.venv/lib/python3.9/site-packages (from torch==2.2.0->-r requirements.txt (line 2)) (11.8.86)
Requirement already satisfied: triton==2.2.0 in ./.venv/lib/python3.9/site-packages (from torch==2.2.0->-r requirements.txt (line 2)) (2.2.0)
Requirement already satisfied: python-dateutil>=2.7.3 in ./.venv/lib/python3.9/site-packages (from pandas==1.1.4->-r requirements.txt (line 5)) (2.9.0.post0)
Requirement already satisfied: pytz>=2017.2 in ./.venv/lib/python3.9/site-packages (from pandas==1.1.4->-r requirements.txt (line 5)) (2024.2)
Requirement already satisfied: contourpy>=1.0.1 in ./.venv/lib/python3.9/site-packages (from matplotlib==3.8.2->-r requirements.txt (line 7)) (1.3.0)
Requirement already satisfied: cycler>=0.10 in ./.venv/lib/python3.9/site-packages (from matplotlib==3.8.2->-r requirements.txt (line 7)) (0.12.1)
Requirement already satisfied: fonttools>=4.22.0 in ./.venv/lib/python3.9/site-packages (from matplotlib==3.8.2->-r requirements.txt (line 7)) (4.55.0)
Requirement already satisfied: kiwisolver>=1.3.1 in ./.venv/lib/python3.9/site-packages (from matplotlib==3.8.2->-r requirements.txt (line 7)) (1.4.7)
Requirement already satisfied: packaging>=20.0 in ./.venv/lib/python3.9/site-packages (from matplotlib==3.8.2->-r requirements.txt (line 7)) (24.2)
Requirement already satisfied: pillow>=8 in ./.venv/lib/python3.9/site-packages (from matplotlib==3.8.2->-r requirements.txt (line 7)) (11.0.0)
Requirement already satisfied: pyparsing>=2.3.1 in ./.venv/lib/python3.9/site-packages (from matplotlib==3.8.2->-r requirements.txt (line 7)) (3.2.0)
Requirement already satisfied: importlib-resources>=3.2.0 in ./.venv/lib/python3.9/site-packages (from matplotlib==3.8.2->-r requirements.txt (line 7)) (6.4.5)
Requirement already satisfied: traitlets in ./.venv/lib/python3.9/site-packages (from matplotlib-inline==0.1.7->-r requirements.txt (line 8)) (5.14.3)
Requirement already satisfied: scipy>=0.19.1 in ./.venv/lib/python3.9/site-packages (from scikit-learn==0.24.2->-r requirements.txt (line 10)) (1.13.1)
Requirement already satisfied: joblib>=0.11 in ./.venv/lib/python3.9/site-packages (from scikit-learn==0.24.2->-r requirements.txt (line 10)) (1.4.2)
Requirement already satisfied: threadpoolctl>=2.0.0 in ./.venv/lib/python3.9/site-packages (from scikit-learn==0.24.2->-r requirements.txt (line 10)) (3.5.0)
Requirement already satisfied: einops>=0.6.1 in ./.venv/lib/python3.9/site-packages (from x-transformers==1.16.23->-r requirements.txt (line 11)) (0.8.0)
Requirement already satisfied: zipp>=3.1.0 in ./.venv/lib/python3.9/site-packages (from importlib-resources>=3.2.0->matplotlib==3.8.2->-r requirements.txt (line 7)) (3.21.0)
Requirement already satisfied: six>=1.5 in ./.venv/lib/python3.9/site-packages (from python-dateutil>=2.7.3->pandas==1.1.4->-r requirements.txt (line 5)) (1.16.0)
Requirement already satisfied: MarkupSafe>=2.0 in ./.venv/lib/python3.9/site-packages (from jinja2->torch==2.2.0->-r requirements.txt (line 2)) (3.0.2)
Requirement already satisfied: mpmath<1.4,>=1.1.0 in ./.venv/lib/python3.9/site-packages (from sympy->torch==2.2.0->-r requirements.txt (line 2)) (1.3.0)
Looking in indexes: https://pypi.org/simple, https://data.pyg.org/whl/torch-2.2.0+cu118.html
Requirement already satisfied: torch_scatter in ./.venv/lib/python3.9/site-packages (2.1.2)
Installing requirements...
Looking in indexes: https://pypi.org/simple, https://download.pytorch.org/whl/cu118
Requirement already satisfied: torch==2.2.0 in ./.venv/lib/python3.9/site-packages (from -r requirements.txt (line 2)) (2.2.0+cu118)
Requirement already satisfied: numpy==1.25.1 in ./.venv/lib/python3.9/site-packages (from -r requirements.txt (line 3)) (1.25.1)
Requirement already satisfied: tqdm==4.66.2 in ./.venv/lib/python3.9/site-packages (from -r requirements.txt (line 4)) (4.66.2)
Requirement already satisfied: pandas==1.1.4 in ./.venv/lib/python3.9/site-packages (from -r requirements.txt (line 5)) (1.1.4)
Requirement already satisfied: h5py==3.12.1 in ./.venv/lib/python3.9/site-packages (from -r requirements.txt (line 6)) (3.12.1)
Requirement already satisfied: matplotlib==3.8.2 in ./.venv/lib/python3.9/site-packages (from -r requirements.txt (line 7)) (3.8.2)
Requirement already satisfied: matplotlib-inline==0.1.7 in ./.venv/lib/python3.9/site-packages (from -r requirements.txt (line 8)) (0.1.7)
Requirement already satisfied: click==8.1.7 in ./.venv/lib/python3.9/site-packages (from -r requirements.txt (line 9)) (8.1.7)
Requirement already satisfied: scikit-learn==0.24.2 in ./.venv/lib/python3.9/site-packages (from -r requirements.txt (line 10)) (0.24.2)
Requirement already satisfied: x-transformers==1.16.23 in ./.venv/lib/python3.9/site-packages (from -r requirements.txt (line 11)) (1.16.23)
Requirement already satisfied: filelock in /appl9/python/3.9.19/lib/python3.9/site-packages (from torch==2.2.0->-r requirements.txt (line 2)) (3.15.4)
Requirement already satisfied: typing-extensions>=4.8.0 in ./.venv/lib/python3.9/site-packages (from torch==2.2.0->-r requirements.txt (line 2)) (4.12.2)
Requirement already satisfied: sympy in ./.venv/lib/python3.9/site-packages (from torch==2.2.0->-r requirements.txt (line 2)) (1.13.3)
Requirement already satisfied: networkx in ./.venv/lib/python3.9/site-packages (from torch==2.2.0->-r requirements.txt (line 2)) (3.2.1)
Requirement already satisfied: jinja2 in ./.venv/lib/python3.9/site-packages (from torch==2.2.0->-r requirements.txt (line 2)) (3.1.4)
Requirement already satisfied: fsspec in ./.venv/lib/python3.9/site-packages (from torch==2.2.0->-r requirements.txt (line 2)) (2024.10.0)
Requirement already satisfied: nvidia-cuda-nvrtc-cu11==11.8.89 in ./.venv/lib/python3.9/site-packages (from torch==2.2.0->-r requirements.txt (line 2)) (11.8.89)
Requirement already satisfied: nvidia-cuda-runtime-cu11==11.8.89 in ./.venv/lib/python3.9/site-packages (from torch==2.2.0->-r requirements.txt (line 2)) (11.8.89)
Requirement already satisfied: nvidia-cuda-cupti-cu11==11.8.87 in ./.venv/lib/python3.9/site-packages (from torch==2.2.0->-r requirements.txt (line 2)) (11.8.87)
Requirement already satisfied: nvidia-cudnn-cu11==8.7.0.84 in ./.venv/lib/python3.9/site-packages (from torch==2.2.0->-r requirements.txt (line 2)) (8.7.0.84)
Requirement already satisfied: nvidia-cublas-cu11==11.11.3.6 in ./.venv/lib/python3.9/site-packages (from torch==2.2.0->-r requirements.txt (line 2)) (11.11.3.6)
Requirement already satisfied: nvidia-cufft-cu11==10.9.0.58 in ./.venv/lib/python3.9/site-packages (from torch==2.2.0->-r requirements.txt (line 2)) (10.9.0.58)
Requirement already satisfied: nvidia-curand-cu11==10.3.0.86 in ./.venv/lib/python3.9/site-packages (from torch==2.2.0->-r requirements.txt (line 2)) (10.3.0.86)
Requirement already satisfied: nvidia-cusolver-cu11==11.4.1.48 in ./.venv/lib/python3.9/site-packages (from torch==2.2.0->-r requirements.txt (line 2)) (11.4.1.48)
Requirement already satisfied: nvidia-cusparse-cu11==11.7.5.86 in ./.venv/lib/python3.9/site-packages (from torch==2.2.0->-r requirements.txt (line 2)) (11.7.5.86)
Requirement already satisfied: nvidia-nccl-cu11==2.19.3 in ./.venv/lib/python3.9/site-packages (from torch==2.2.0->-r requirements.txt (line 2)) (2.19.3)
Requirement already satisfied: nvidia-nvtx-cu11==11.8.86 in ./.venv/lib/python3.9/site-packages (from torch==2.2.0->-r requirements.txt (line 2)) (11.8.86)
Requirement already satisfied: triton==2.2.0 in ./.venv/lib/python3.9/site-packages (from torch==2.2.0->-r requirements.txt (line 2)) (2.2.0)
Requirement already satisfied: python-dateutil>=2.7.3 in ./.venv/lib/python3.9/site-packages (from pandas==1.1.4->-r requirements.txt (line 5)) (2.9.0.post0)
Requirement already satisfied: pytz>=2017.2 in ./.venv/lib/python3.9/site-packages (from pandas==1.1.4->-r requirements.txt (line 5)) (2024.2)
Requirement already satisfied: contourpy>=1.0.1 in ./.venv/lib/python3.9/site-packages (from matplotlib==3.8.2->-r requirements.txt (line 7)) (1.3.0)
Requirement already satisfied: cycler>=0.10 in ./.venv/lib/python3.9/site-packages (from matplotlib==3.8.2->-r requirements.txt (line 7)) (0.12.1)
Requirement already satisfied: fonttools>=4.22.0 in ./.venv/lib/python3.9/site-packages (from matplotlib==3.8.2->-r requirements.txt (line 7)) (4.55.0)
Requirement already satisfied: kiwisolver>=1.3.1 in ./.venv/lib/python3.9/site-packages (from matplotlib==3.8.2->-r requirements.txt (line 7)) (1.4.7)
Requirement already satisfied: packaging>=20.0 in ./.venv/lib/python3.9/site-packages (from matplotlib==3.8.2->-r requirements.txt (line 7)) (24.2)
Requirement already satisfied: pillow>=8 in ./.venv/lib/python3.9/site-packages (from matplotlib==3.8.2->-r requirements.txt (line 7)) (11.0.0)
Requirement already satisfied: pyparsing>=2.3.1 in ./.venv/lib/python3.9/site-packages (from matplotlib==3.8.2->-r requirements.txt (line 7)) (3.2.0)
Requirement already satisfied: importlib-resources>=3.2.0 in ./.venv/lib/python3.9/site-packages (from matplotlib==3.8.2->-r requirements.txt (line 7)) (6.4.5)
Requirement already satisfied: traitlets in ./.venv/lib/python3.9/site-packages (from matplotlib-inline==0.1.7->-r requirements.txt (line 8)) (5.14.3)
Requirement already satisfied: scipy>=0.19.1 in ./.venv/lib/python3.9/site-packages (from scikit-learn==0.24.2->-r requirements.txt (line 10)) (1.13.1)
Requirement already satisfied: joblib>=0.11 in ./.venv/lib/python3.9/site-packages (from scikit-learn==0.24.2->-r requirements.txt (line 10)) (1.4.2)
Requirement already satisfied: threadpoolctl>=2.0.0 in ./.venv/lib/python3.9/site-packages (from scikit-learn==0.24.2->-r requirements.txt (line 10)) (3.5.0)
Requirement already satisfied: einops>=0.6.1 in ./.venv/lib/python3.9/site-packages (from x-transformers==1.16.23->-r requirements.txt (line 11)) (0.8.0)
Requirement already satisfied: zipp>=3.1.0 in ./.venv/lib/python3.9/site-packages (from importlib-resources>=3.2.0->matplotlib==3.8.2->-r requirements.txt (line 7)) (3.21.0)
Requirement already satisfied: six>=1.5 in ./.venv/lib/python3.9/site-packages (from python-dateutil>=2.7.3->pandas==1.1.4->-r requirements.txt (line 5)) (1.16.0)
Requirement already satisfied: MarkupSafe>=2.0 in ./.venv/lib/python3.9/site-packages (from jinja2->torch==2.2.0->-r requirements.txt (line 2)) (3.0.2)
Requirement already satisfied: mpmath<1.4,>=1.1.0 in ./.venv/lib/python3.9/site-packages (from sympy->torch==2.2.0->-r requirements.txt (line 2)) (1.3.0)
Looking in indexes: https://pypi.org/simple, https://data.pyg.org/whl/torch-2.2.0+cu118.html
Requirement already satisfied: torch_scatter in ./.venv/lib/python3.9/site-packages (2.1.2)
Loading preprocessed datasets from ./processed_datasets
Loaded dataset from ./processed_datasets/physionet2012_1_pos.h5
Loaded dataset from ./processed_datasets/physionet2012_1_neg.h5
Loaded dataset from ./processed_datasets/physionet2012_1_val.h5
Loaded dataset from ./processed_datasets/physionet2012_1_test.h5
# of trainable parameters: 320352
Epoch: 1, Train Loss: 0.8030744526121352, Val Loss: 0.8088914155960083
Validation loss decreased (inf --> 0.309367).  Saving model ...
Epoch: 2, Train Loss: 0.5783531594844091, Val Loss: 0.7194768190383911
Validation loss decreased (0.309367 --> 0.185828).  Saving model ...
Epoch: 3, Train Loss: 0.5349782960755485, Val Loss: 0.5302478075027466
Validation loss decreased (0.185828 --> 0.163516).  Saving model ...
Epoch: 4, Train Loss: 0.5024038799225338, Val Loss: 0.4646007716655731
Validation loss decreased (0.163516 --> 0.161605).  Saving model ...
Epoch: 5, Train Loss: 0.48993044003607733, Val Loss: 0.6332809329032898
Validation loss decreased (0.161605 --> 0.153561).  Saving model ...
Epoch: 6, Train Loss: 0.48276505820334903, Val Loss: 0.6498388648033142
EarlyStopping counter: 1 out of 10
Epoch: 7, Train Loss: 0.49421410428153145, Val Loss: 0.5737456679344177
Validation loss decreased (0.153561 --> 0.152690).  Saving model ...
Epoch: 8, Train Loss: 0.4706711967786153, Val Loss: 0.5009029507637024
Validation loss decreased (0.152690 --> 0.148987).  Saving model ...
Epoch: 9, Train Loss: 0.45410531475430443, Val Loss: 0.5499014854431152
Validation loss decreased (0.148987 --> 0.147148).  Saving model ...
Epoch: 10, Train Loss: 0.46760973665449357, Val Loss: 0.3923734724521637
EarlyStopping counter: 1 out of 10
Epoch: 11, Train Loss: 0.44813279358167496, Val Loss: 0.5648005604743958
EarlyStopping counter: 2 out of 10
Epoch: 12, Train Loss: 0.4542585284936996, Val Loss: 0.6067541837692261
Validation loss decreased (0.147148 --> 0.145588).  Saving model ...
Epoch: 13, Train Loss: 0.4554202760022784, Val Loss: 0.4201871454715729
Validation loss decreased (0.145588 --> 0.142384).  Saving model ...
Epoch: 14, Train Loss: 0.4517679578728146, Val Loss: 0.45745858550071716
EarlyStopping counter: 1 out of 10
Epoch: 15, Train Loss: 0.45425764719645184, Val Loss: 0.6195091009140015
Validation loss decreased (0.142384 --> 0.142101).  Saving model ...
Epoch: 16, Train Loss: 0.4430205169178191, Val Loss: 0.43113934993743896
EarlyStopping counter: 1 out of 10
Epoch: 17, Train Loss: 0.44148802094989353, Val Loss: 0.4125513434410095
EarlyStopping counter: 2 out of 10
Epoch: 18, Train Loss: 0.44491183994308353, Val Loss: 0.44065529108047485
Validation loss decreased (0.142101 --> 0.141071).  Saving model ...
Epoch: 19, Train Loss: 0.42755276059347486, Val Loss: 0.5705884695053101
Validation loss decreased (0.141071 --> 0.137440).  Saving model ...
Epoch: 20, Train Loss: 0.432074695352524, Val Loss: 0.41670551896095276
Validation loss decreased (0.137440 --> 0.136337).  Saving model ...
Epoch: 21, Train Loss: 0.42886292981723, Val Loss: 0.5288047790527344
EarlyStopping counter: 1 out of 10
Epoch: 22, Train Loss: 0.4247888828080798, Val Loss: 0.4653167128562927
EarlyStopping counter: 2 out of 10
Epoch: 23, Train Loss: 0.44285825699094744, Val Loss: 0.40702328085899353
EarlyStopping counter: 3 out of 10
Epoch: 24, Train Loss: 0.4256048940476917, Val Loss: 0.6130539774894714
EarlyStopping counter: 4 out of 10
Epoch: 25, Train Loss: 0.4286141092815096, Val Loss: 0.482112318277359
EarlyStopping counter: 5 out of 10
Epoch: 26, Train Loss: 0.4270386260653299, Val Loss: 0.6825968027114868
EarlyStopping counter: 6 out of 10
Epoch: 27, Train Loss: 0.43055253558688694, Val Loss: 0.4733709692955017
EarlyStopping counter: 7 out of 10
Epoch: 28, Train Loss: 0.41310989525583053, Val Loss: 0.4871746301651001
EarlyStopping counter: 8 out of 10
Epoch: 29, Train Loss: 0.40760729568345205, Val Loss: 0.5274667739868164
EarlyStopping counter: 9 out of 10
Epoch: 30, Train Loss: 0.40757715985888526, Val Loss: 0.6576003432273865
EarlyStopping counter: 10 out of 10
Early stopping
Test Loss: 0.4144113063812256
{'0': {'precision': 0.9504716981132075, 'recall': 0.7840466926070039, 'f1-score': 0.8592750533049041, 'support': 1028}, '1': {'precision': 0.36752136752136755, 'recall': 0.7543859649122807, 'f1-score': 0.4942528735632184, 'support': 171}, 'accuracy': 0.7798165137614679, 'macro avg': {'precision': 0.6589965328172875, 'recall': 0.7692163287596423, 'f1-score': 0.6767639634340612, 'support': 1199}, 'weighted avg': {'precision': 0.8673319929162062, 'recall': 0.7798165137614679, 'f1-score': 0.8072160101557563, 'support': 1199}}
[[806 222]
 [ 42 129]]
Accuracy = 0.7798165137614679
AUPRC = 0.5216530473320957
AUROC = 0.8598709809543313
Loading preprocessed datasets from ./processed_datasets
Loaded dataset from ./processed_datasets/physionet2012_2_pos.h5
Loaded dataset from ./processed_datasets/physionet2012_2_neg.h5
Loaded dataset from ./processed_datasets/physionet2012_2_val.h5
Loaded dataset from ./processed_datasets/physionet2012_2_test.h5
# of trainable parameters: 320352
Epoch: 1, Train Loss: 0.7771548088639975, Val Loss: 0.6875476241111755
Validation loss decreased (inf --> 0.360013).  Saving model ...
Epoch: 2, Train Loss: 0.6287384014576674, Val Loss: 0.5349172353744507
Validation loss decreased (0.360013 --> 0.180195).  Saving model ...
Epoch: 3, Train Loss: 0.5299874721094966, Val Loss: 0.714633047580719
Validation loss decreased (0.180195 --> 0.157527).  Saving model ...
Epoch: 4, Train Loss: 0.5110927731730044, Val Loss: 0.44921639561653137
Validation loss decreased (0.157527 --> 0.146276).  Saving model ...
Epoch: 5, Train Loss: 0.5111139328218997, Val Loss: 0.5881485939025879
EarlyStopping counter: 1 out of 10
Epoch: 6, Train Loss: 0.6108790617436171, Val Loss: 0.6156208515167236
EarlyStopping counter: 2 out of 10
Epoch: 7, Train Loss: 0.6390372226014733, Val Loss: 0.4098600447177887
EarlyStopping counter: 3 out of 10
Epoch: 8, Train Loss: 0.502953415736556, Val Loss: 0.470772922039032
EarlyStopping counter: 4 out of 10
Epoch: 9, Train Loss: 0.9701654044911265, Val Loss: 2.9167399406433105
EarlyStopping counter: 5 out of 10
Epoch: 10, Train Loss: 3.7329948376864195, Val Loss: 0.5273341536521912
EarlyStopping counter: 6 out of 10
Epoch: 11, Train Loss: 0.6277734339237213, Val Loss: 1.222479224205017
EarlyStopping counter: 7 out of 10
Epoch: 12, Train Loss: 0.9719505365937948, Val Loss: 0.8104534149169922
EarlyStopping counter: 8 out of 10
Epoch: 13, Train Loss: 0.8205624409019947, Val Loss: 0.49077680706977844
EarlyStopping counter: 9 out of 10
Epoch: 14, Train Loss: 0.5449036383070052, Val Loss: 0.6176248788833618
EarlyStopping counter: 10 out of 10
Early stopping
Test Loss: 0.43662896752357483
{'0': {'precision': 0.9511059371362048, 'recall': 0.7855769230769231, 'f1-score': 0.8604528699315429, 'support': 1040}, '1': {'precision': 0.34411764705882353, 'recall': 0.7358490566037735, 'f1-score': 0.46893787575150303, 'support': 159}, 'accuracy': 0.7789824854045038, 'macro avg': {'precision': 0.6476117920975142, 'recall': 0.7607129898403483, 'f1-score': 0.664695372841523, 'support': 1199}, 'weighted avg': {'precision': 0.870612911179321, 'recall': 0.7789824854045038, 'f1-score': 0.8085338673672173, 'support': 1199}}
[[817 223]
 [ 42 117]]
Accuracy = 0.7789824854045038
AUPRC = 0.5113272264101955
AUROC = 0.8479196903725206
Loading preprocessed datasets from ./processed_datasets
Loaded dataset from ./processed_datasets/physionet2012_3_pos.h5
Loaded dataset from ./processed_datasets/physionet2012_3_neg.h5
Loaded dataset from ./processed_datasets/physionet2012_3_val.h5
Loaded dataset from ./processed_datasets/physionet2012_3_test.h5
# of trainable parameters: 320352
Epoch: 1, Train Loss: 0.8554306132718921, Val Loss: 0.8228766918182373
Validation loss decreased (inf --> 0.247018).  Saving model ...
Epoch: 2, Train Loss: 0.5724420258775353, Val Loss: 0.5076703429222107
Validation loss decreased (0.247018 --> 0.158601).  Saving model ...
Epoch: 3, Train Loss: 0.5164784081280231, Val Loss: 0.7243971228599548
Validation loss decreased (0.158601 --> 0.152133).  Saving model ...
Epoch: 4, Train Loss: 0.5103885983116925, Val Loss: 0.5726103782653809
Validation loss decreased (0.152133 --> 0.141453).  Saving model ...
Epoch: 5, Train Loss: 0.6143197556957603, Val Loss: 0.547485888004303
EarlyStopping counter: 1 out of 10
Epoch: 6, Train Loss: 0.5500788781791925, Val Loss: 0.6616977453231812
EarlyStopping counter: 2 out of 10
Epoch: 7, Train Loss: 0.5009620171040297, Val Loss: 0.4752485752105713
EarlyStopping counter: 3 out of 10
Epoch: 8, Train Loss: 0.48638222832232714, Val Loss: 0.6877278685569763
Validation loss decreased (0.141453 --> 0.132028).  Saving model ...
Epoch: 9, Train Loss: 0.4697195319458842, Val Loss: 0.44876453280448914
EarlyStopping counter: 1 out of 10
Epoch: 10, Train Loss: 0.47616859525442123, Val Loss: 0.4785960018634796
EarlyStopping counter: 2 out of 10
Epoch: 11, Train Loss: 0.4681535782292485, Val Loss: 0.3980971872806549
EarlyStopping counter: 3 out of 10
Epoch: 12, Train Loss: 0.46532234782353044, Val Loss: 0.6067023873329163
Validation loss decreased (0.132028 --> 0.131701).  Saving model ...
Epoch: 13, Train Loss: 0.46909552440047264, Val Loss: 0.47935184836387634
EarlyStopping counter: 1 out of 10
Epoch: 14, Train Loss: 0.45175086008384824, Val Loss: 0.45699337124824524
Validation loss decreased (0.131701 --> 0.129656).  Saving model ...
Epoch: 15, Train Loss: 0.46342827985063195, Val Loss: 0.448579341173172
EarlyStopping counter: 1 out of 10
Epoch: 16, Train Loss: 0.4751274730078876, Val Loss: 0.6515895128250122
Validation loss decreased (0.129656 --> 0.126085).  Saving model ...
Epoch: 17, Train Loss: 0.4554850133135915, Val Loss: 0.41147753596305847
EarlyStopping counter: 1 out of 10
Epoch: 18, Train Loss: 0.4534910819493234, Val Loss: 0.4178687334060669
EarlyStopping counter: 2 out of 10
Epoch: 19, Train Loss: 0.44644360104575753, Val Loss: 0.47035086154937744
EarlyStopping counter: 3 out of 10
Epoch: 20, Train Loss: 0.4411900625564158, Val Loss: 0.3380456566810608
EarlyStopping counter: 4 out of 10
Epoch: 21, Train Loss: 0.44635376799851656, Val Loss: 0.3635527193546295
Validation loss decreased (0.126085 --> 0.126007).  Saving model ...
Epoch: 22, Train Loss: 0.44192409655079246, Val Loss: 0.5410223007202148
EarlyStopping counter: 1 out of 10
Epoch: 23, Train Loss: 0.4494996112771332, Val Loss: 0.5893381834030151
EarlyStopping counter: 2 out of 10
Epoch: 24, Train Loss: 0.4419195097871125, Val Loss: 0.40083664655685425
EarlyStopping counter: 3 out of 10
Epoch: 25, Train Loss: 0.42946641938760877, Val Loss: 0.4529305398464203
EarlyStopping counter: 4 out of 10
Epoch: 26, Train Loss: 0.4333942090161145, Val Loss: 0.6336270570755005
EarlyStopping counter: 5 out of 10
Epoch: 27, Train Loss: 0.4535808600485325, Val Loss: 0.6505910158157349
EarlyStopping counter: 6 out of 10
Epoch: 28, Train Loss: 1.7140874220058322, Val Loss: 0.708404004573822
EarlyStopping counter: 7 out of 10
Epoch: 29, Train Loss: 1.0775350760668516, Val Loss: 0.707747220993042
EarlyStopping counter: 8 out of 10
Epoch: 30, Train Loss: 0.6931754313409328, Val Loss: 0.6930869221687317
EarlyStopping counter: 9 out of 10
Epoch: 31, Train Loss: 0.6931471955031157, Val Loss: 0.6931295394897461
EarlyStopping counter: 10 out of 10
Early stopping
Test Loss: 0.3669794797897339
{'0': {'precision': 0.9334763948497854, 'recall': 0.8512720156555773, 'f1-score': 0.8904810644831116, 'support': 1022}, '1': {'precision': 0.4307116104868914, 'recall': 0.6497175141242938, 'f1-score': 0.5180180180180181, 'support': 177}, 'accuracy': 0.8215179316096747, 'macro avg': {'precision': 0.6820940026683384, 'recall': 0.7504947648899356, 'f1-score': 0.7042495412505648, 'support': 1199}, 'weighted avg': {'precision': 0.8592567394434198, 'recall': 0.8215179316096747, 'f1-score': 0.8354969450299661, 'support': 1199}}
[[870 152]
 [ 62 115]]
Accuracy = 0.8215179316096747
AUPRC = 0.5570834556919905
AUROC = 0.862167899432817
Loading preprocessed datasets from ./processed_datasets
Loaded dataset from ./processed_datasets/physionet2012_4_pos.h5
Loaded dataset from ./processed_datasets/physionet2012_4_neg.h5
Loaded dataset from ./processed_datasets/physionet2012_4_val.h5
Loaded dataset from ./processed_datasets/physionet2012_4_test.h5
# of trainable parameters: 320352
Epoch: 1, Train Loss: 0.8864546250551939, Val Loss: 0.6162751317024231
Validation loss decreased (inf --> 0.326423).  Saving model ...
Epoch: 2, Train Loss: 0.6047431058250368, Val Loss: 0.5470849871635437
Validation loss decreased (0.326423 --> 0.204411).  Saving model ...
Epoch: 3, Train Loss: 0.5343540986068547, Val Loss: 0.43279755115509033
Validation loss decreased (0.204411 --> 0.197994).  Saving model ...
Epoch: 4, Train Loss: 0.5018444480374455, Val Loss: 0.49571502208709717
Validation loss decreased (0.197994 --> 0.173009).  Saving model ...
Epoch: 5, Train Loss: 0.4844058211892843, Val Loss: 0.5526614189147949
EarlyStopping counter: 1 out of 10
Epoch: 6, Train Loss: 0.48006154084578156, Val Loss: 0.48989641666412354
Validation loss decreased (0.173009 --> 0.162460).  Saving model ...
Epoch: 7, Train Loss: 0.4819922149181366, Val Loss: 0.7424173355102539
EarlyStopping counter: 1 out of 10
Epoch: 8, Train Loss: 0.4786327979527414, Val Loss: 0.6154152750968933
EarlyStopping counter: 2 out of 10
Epoch: 9, Train Loss: 0.47235419461503625, Val Loss: 0.5258275270462036
EarlyStopping counter: 3 out of 10
Epoch: 10, Train Loss: 0.45576302986592054, Val Loss: 0.5347200632095337
EarlyStopping counter: 4 out of 10
Epoch: 11, Train Loss: 0.4510729410685599, Val Loss: 0.4429363012313843
EarlyStopping counter: 5 out of 10
Epoch: 12, Train Loss: 0.48916324181482196, Val Loss: 0.5318426489830017
EarlyStopping counter: 6 out of 10
Epoch: 13, Train Loss: 0.7277966067194939, Val Loss: 0.787213146686554
EarlyStopping counter: 7 out of 10
Epoch: 14, Train Loss: 0.5023967633023858, Val Loss: 0.548328161239624
EarlyStopping counter: 8 out of 10
Epoch: 15, Train Loss: 0.482184337452054, Val Loss: 0.4403749704360962
EarlyStopping counter: 9 out of 10
Epoch: 16, Train Loss: 0.4630329813808203, Val Loss: 0.49612194299697876
Validation loss decreased (0.162460 --> 0.159570).  Saving model ...
Epoch: 17, Train Loss: 0.47722858376801014, Val Loss: 0.46512576937675476
EarlyStopping counter: 1 out of 10
Epoch: 18, Train Loss: 0.44859044905751944, Val Loss: 0.4239942133426666
EarlyStopping counter: 2 out of 10
Epoch: 19, Train Loss: 0.45450126100331545, Val Loss: 0.5999576449394226
EarlyStopping counter: 3 out of 10
Epoch: 20, Train Loss: 0.44235984748229384, Val Loss: 0.5172615647315979
EarlyStopping counter: 4 out of 10
Epoch: 21, Train Loss: 0.4359643063507974, Val Loss: 0.5066872835159302
EarlyStopping counter: 5 out of 10
Epoch: 22, Train Loss: 0.4342087237164378, Val Loss: 0.516444981098175
EarlyStopping counter: 6 out of 10
Epoch: 23, Train Loss: 0.42801046278327703, Val Loss: 0.473813533782959
EarlyStopping counter: 7 out of 10
Epoch: 24, Train Loss: 0.44446181366220117, Val Loss: 0.5570102334022522
Validation loss decreased (0.159570 --> 0.156385).  Saving model ...
Epoch: 25, Train Loss: 0.43646590784192085, Val Loss: 0.5069797039031982
Validation loss decreased (0.156385 --> 0.155172).  Saving model ...
Epoch: 26, Train Loss: 0.42887604562565684, Val Loss: 0.454309344291687
EarlyStopping counter: 1 out of 10
Epoch: 27, Train Loss: 0.41989587200805545, Val Loss: 0.5416913628578186
EarlyStopping counter: 2 out of 10
Epoch: 28, Train Loss: 0.4218315342441201, Val Loss: 0.5438761115074158
EarlyStopping counter: 3 out of 10
Epoch: 29, Train Loss: 0.4121459284797311, Val Loss: 0.45166754722595215
EarlyStopping counter: 4 out of 10
Epoch: 30, Train Loss: 0.4162429408170283, Val Loss: 0.45987221598625183
EarlyStopping counter: 5 out of 10
Epoch: 31, Train Loss: 0.4147808817215264, Val Loss: 0.4569060206413269
EarlyStopping counter: 6 out of 10
Epoch: 32, Train Loss: 0.41730066761374474, Val Loss: 0.4658469259738922
EarlyStopping counter: 7 out of 10
Epoch: 33, Train Loss: 0.4038431737571955, Val Loss: 0.6325446367263794
EarlyStopping counter: 8 out of 10
Epoch: 34, Train Loss: 0.4045428428798914, Val Loss: 0.4681938588619232
EarlyStopping counter: 9 out of 10
Epoch: 35, Train Loss: 0.4122256310656667, Val Loss: 0.4066469967365265
EarlyStopping counter: 10 out of 10
Early stopping
Test Loss: 0.45952096581459045
{'0': {'precision': 0.940628637951106, 'recall': 0.792156862745098, 'f1-score': 0.8600319318786589, 'support': 1020}, '1': {'precision': 0.3764705882352941, 'recall': 0.7150837988826816, 'f1-score': 0.49325626204238915, 'support': 179}, 'accuracy': 0.780650542118432, 'macro avg': {'precision': 0.6585496130932, 'recall': 0.7536203308138898, 'f1-score': 0.6766440969605241, 'support': 1199}, 'weighted avg': {'precision': 0.8564048757333158, 'recall': 0.780650542118432, 'f1-score': 0.8052755975161131, 'support': 1199}}
[[808 212]
 [ 51 128]]
Accuracy = 0.780650542118432
AUPRC = 0.5390904410637627
AUROC = 0.8475462810822653
Loading preprocessed datasets from ./processed_datasets
Loaded dataset from ./processed_datasets/physionet2012_5_pos.h5
Loaded dataset from ./processed_datasets/physionet2012_5_neg.h5
Loaded dataset from ./processed_datasets/physionet2012_5_val.h5
Loaded dataset from ./processed_datasets/physionet2012_5_test.h5
# of trainable parameters: 320352
Epoch: 1, Train Loss: 0.7962909954966921, Val Loss: 0.6507050395011902
Validation loss decreased (inf --> 0.358718).  Saving model ...
Epoch: 2, Train Loss: 0.6543464245218219, Val Loss: 0.45649492740631104
Validation loss decreased (0.358718 --> 0.254315).  Saving model ...
Epoch: 3, Train Loss: 0.5961157842115923, Val Loss: 0.3739311993122101
Validation loss decreased (0.254315 --> 0.181032).  Saving model ...
Epoch: 4, Train Loss: 0.5325188623797713, Val Loss: 0.8359413146972656
Validation loss decreased (0.181032 --> 0.152751).  Saving model ...
Epoch: 5, Train Loss: 0.541317593870741, Val Loss: 0.9935919642448425
Validation loss decreased (0.152751 --> 0.152676).  Saving model ...
Epoch: 6, Train Loss: 0.531485065817833, Val Loss: 0.6523915529251099
Validation loss decreased (0.152676 --> 0.138367).  Saving model ...
Epoch: 7, Train Loss: 0.48677680031819776, Val Loss: 0.35520651936531067
Validation loss decreased (0.138367 --> 0.134306).  Saving model ...
Epoch: 8, Train Loss: 0.4839877323670821, Val Loss: 0.33291149139404297
Validation loss decreased (0.134306 --> 0.129276).  Saving model ...
Epoch: 9, Train Loss: 0.48428263266881305, Val Loss: 0.33472004532814026
Validation loss decreased (0.129276 --> 0.128913).  Saving model ...
Epoch: 10, Train Loss: 0.4861583375569546, Val Loss: 0.6295980215072632
EarlyStopping counter: 1 out of 10
Epoch: 11, Train Loss: 0.4920037461049629, Val Loss: 1.0988330841064453
EarlyStopping counter: 2 out of 10
Epoch: 12, Train Loss: 0.5729145556688309, Val Loss: 0.8116208910942078
EarlyStopping counter: 3 out of 10
Epoch: 13, Train Loss: 0.5463344897284652, Val Loss: 0.4243112802505493
EarlyStopping counter: 4 out of 10
Epoch: 14, Train Loss: 0.5188187335928282, Val Loss: 0.5690262317657471
EarlyStopping counter: 5 out of 10
Epoch: 15, Train Loss: 0.4909282317667296, Val Loss: 0.5938729047775269
EarlyStopping counter: 6 out of 10
Epoch: 16, Train Loss: 0.47698449574862467, Val Loss: 0.609505832195282
EarlyStopping counter: 7 out of 10
Epoch: 17, Train Loss: 0.47251747006719763, Val Loss: 0.3872310221195221
EarlyStopping counter: 8 out of 10
Epoch: 18, Train Loss: 0.4786350478728612, Val Loss: 0.3335868716239929
EarlyStopping counter: 9 out of 10
Epoch: 19, Train Loss: 0.4700826241663008, Val Loss: 0.5127915740013123
EarlyStopping counter: 10 out of 10
Early stopping
Test Loss: 0.33421948552131653
{'0': {'precision': 0.9351851851851852, 'recall': 0.8799612778315585, 'f1-score': 0.9067331670822943, 'support': 1033}, '1': {'precision': 0.45374449339207046, 'recall': 0.6204819277108434, 'f1-score': 0.524173027989822, 'support': 166}, 'accuracy': 0.8440366972477065, 'macro avg': {'precision': 0.6944648392886279, 'recall': 0.750221602771201, 'f1-score': 0.7154530975360582, 'support': 1199}, 'weighted avg': {'precision': 0.8685303437859716, 'recall': 0.8440366972477065, 'f1-score': 0.853768210377248, 'support': 1199}}
[[909 124]
 [ 63 103]]
Accuracy = 0.8440366972477065
AUPRC = 0.5405112554927926
AUROC = 0.8747827709677043
